d:\aurora\universidad\cuarto dv- 2022-23\tfg\tfg-22-23\sdl_ps4controller\ps4controller\tmp\x64\release\vc142.pdb
d:\aurora\universidad\cuarto dv- 2022-23\tfg\tfg-22-23\sdl_ps4controller\ps4controller\tmp\x64\release\plugin.obj
c:\universidad\tfg-22-23\sdl_ps4controller\ps4controller\lib\ps4controller.lib
c:\universidad\tfg-22-23\sdl_ps4controller\ps4controller\lib\ps4controller.exp
d:\aurora\universidad\cuarto dv- 2022-23\tfg\tfg-22-23\sdl_ps4controller\ps4controller\lib\ps4controller.dll
d:\aurora\universidad\cuarto dv- 2022-23\tfg\tfg-22-23\sdl_ps4controller\ps4controller\tmp\x64\release\ps4controller.ipdb
d:\aurora\universidad\cuarto dv- 2022-23\tfg\tfg-22-23\sdl_ps4controller\ps4controller\tmp\x64\release\ps4controller.iobj
d:\aurora\universidad\cuarto dv- 2022-23\tfg\tfg-22-23\sdl_ps4controller\ps4controller\lib\ps4controller.pdb
d:\aurora\universidad\cuarto dv- 2022-23\tfg\tfg-22-23\sdl_ps4controller\ps4controller\lib\ps4controller.lib
d:\aurora\universidad\cuarto dv- 2022-23\tfg\tfg-22-23\sdl_ps4controller\ps4controller\lib\ps4controller.exp
c:\universidad\tfg-22-23\sdl_ps4controller\ps4controller\tmp\x64\release\plugin.obj
c:\universidad\tfg-22-23\sdl_ps4controller\ps4controller\tmp\x64\release\ps4controller.ipdb
c:\universidad\tfg-22-23\sdl_ps4controller\ps4controller\tmp\x64\release\ps4controller.iobj
c:\universidad\tfg-22-23\sdl_ps4controller\ps4controller\tmp\x64\release\vc142.pdb
c:\universidad\tfg-22-23\sdl_ps4controller\ps4controller\tmp\x64\release\vc143.pdb
c:\universidad\tfg-22-23\sdl_ps4controller\ps4controller\lib\ps4controller.pdb
c:\universidad\tfg-22-23\sdl_ps4controller\ps4controller\lib\ps4controller.dll
c:\universidad\tfg-22-23\sdl_ps4controller\ps4controller\tmp\x64\release\ps4controller.vcxproj.filelistabsolute.txt
c:\universidad\tfg-22-23\sdl_ps4controller\ps4controller\tmp\x64\release\ps4controller.tlog\cl.command.1.tlog
c:\universidad\tfg-22-23\sdl_ps4controller\ps4controller\tmp\x64\release\ps4controller.tlog\cl.read.1.tlog
c:\universidad\tfg-22-23\sdl_ps4controller\ps4controller\tmp\x64\release\ps4controller.tlog\cl.write.1.tlog
c:\universidad\tfg-22-23\sdl_ps4controller\ps4controller\tmp\x64\release\ps4controller.tlog\link.command.1.tlog
c:\universidad\tfg-22-23\sdl_ps4controller\ps4controller\tmp\x64\release\ps4controller.tlog\link.delete.1.tlog
c:\universidad\tfg-22-23\sdl_ps4controller\ps4controller\tmp\x64\release\ps4controller.tlog\link.read.1.tlog
c:\universidad\tfg-22-23\sdl_ps4controller\ps4controller\tmp\x64\release\ps4controller.tlog\link.write.1.tlog
c:\universidad\tfg-22-23\sdl_ps4controller\ps4controller\tmp\x64\release\ps4controller.tlog\ps4controller.write.1u.tlog
